> show dbs
admin   0.000GB
config  0.000GB
local   0.000GB

> use webdev
switched to db webdev

> db.movies.insert({title: 'Aliens', rating: 4.5})
WriteResult({ "nInserted" : 1 })

> db.movies.insert({title: 'Terminator', rating: 4.8})
WriteResult({ "nInserted" : 1 })
> db.movies.insert({title: 'Avatar', rating: 4.7})
WriteResult({ "nInserted" : 1 })
> db.movies.insert({title: 'Dune', rating: 4.9})
WriteResult({ "nInserted" : 1 })

> db.movies.find();
{ "_id" : ObjectId("61906070552b95e25f823a15"), "title" : "Aliens", "rating" : 4.5 }
{ "_id" : ObjectId("619060d4552b95e25f823a16"), "title" : "Terminator", "rating" : 4.8 }
{ "_id" : ObjectId("619060ee552b95e25f823a17"), "title" : "Avatar", "rating" : 4.7 }
{ "_id" : ObjectId("61906158552b95e25f823a18"), "title" : "Dune", "rating" : 4.9 }

> db.movies.find({_id: ObjectId("61906070552b95e25f823a15")});
{ "_id" : ObjectId("61906070552b95e25f823a15"), "title" : "Aliens", "rating" : 4.5 }

> db.movies.find({title: 'Aliens'});
{ "_id" : ObjectId("61906070552b95e25f823a15"), "title" : "Aliens", "rating" : 4.5 }

> db.movies.find({title: 'Aliens'});
{ "_id" : ObjectId("61906070552b95e25f823a15"), "title" : "Aliens", "rating" : 4.5 }

> db.movies.find().pretty()
{
        "_id" : ObjectId("61906070552b95e25f823a15"),
        "title" : "Aliens",
        "rating" : 4.5
}
{
        "_id" : ObjectId("619060d4552b95e25f823a16"),
        "title" : "Terminator",
        "rating" : 4.8
}
{
        "_id" : ObjectId("619060ee552b95e25f823a17"),
        "title" : "Avatar",
        "rating" : 4.7
}
{
        "_id" : ObjectId("61906158552b95e25f823a18"),
        "title" : "Dune",
        "rating" : 4.9
}



> db.movies.updateOne({title: 'Avatar'}, {$set: {rating: 4.9}})
{ "acknowledged" : true, "matchedCount" : 1, "modifiedCount" : 1 }

> db.movies.updateOne({_id: ObjectId("61906070552b95e25f823a15")}, {$set: {rating: 4.5}});
{ "acknowledged" : true, "matchedCount" : 1, "modifiedCount" : 0 }

> db.movies.remove({_id: ObjectId("61906070552b95e25f823a15")});
WriteResult({ "nRemoved" : 1 })

> db.movies.find();
{ "_id" : ObjectId("619060d4552b95e25f823a16"), "title" : "Terminator", "rating" : 4.8 }
{ "_id" : ObjectId("619060ee552b95e25f823a17"), "title" : "Avatar", "rating" : 4.9 }
{ "_id" : ObjectId("61906158552b95e25f823a18"), "title" : "Dune", "rating" : 4.9 }













